<?xml version="1.0" encoding="UTF-8"?>
<!DOCTYPE html
  PUBLIC "-//W3C//DTD XHTML 1.0 Strict//EN"
  "http://www.w3.org/TR/xhtml1/DTD/xhtml1-strict.dtd">
<html>
      <head>
        <title>ScalaTest Suite ScalaFeatures Results</title>
        <meta http-equiv="Content-Type" content="text/html; charset=utf-8"/>
        <meta http-equiv="Expires" content="-1"/>
        <meta http-equiv="Pragma" content="no-cache"/>
        <link href="css/styles.css" rel="stylesheet"/>
        
        <script type="text/javascript">
        //<![CDATA[
            function toggleDetails(contentId, linkId) { 
              var ele = document.getElementById(contentId); 
              var text = document.getElementById(linkId); 
              if(ele.style.display == "block") { 
                ele.style.display = "none"; 
                text.innerHTML = "(Show Details)"; 
              } 
              else { 
                ele.style.display = "block"; 
                text.innerHTML = "(Hide Details)";
              }
            } 
            function hideOpenInNewTabIfRequired() { 
              if (top === self) { document.getElementById('printlink').style.display = 'none'; } 
            }
        //]]>
        </script>
      </head>
      <body class="specification">
        <div id="suite_header_name">ScalaFeatures</div>
        <div id="suite_header_statistic_failed">
          Tests: total 2, succeeded 0, failed 2, canceled 0, ignored 0, pending 0
        </div>
        <div id="4fe16e2a-f5e6-420b-a2ac-e85cb8c167e4" class="info" style="margin-left: 0px;">
      <dl>
        <dt>Wiki Search </dt>
      </dl>
    </div><div id="b7b560ec-de70-4b58-a4c0-78f92f9729e0" class="scope" style="margin-left: 0px;">
      Feature: Login to Wikipedia
    </div><div id="f52fe40a-0459-43a1-8771-c57b838f762d" class="test_failed" style="margin-left: 0px;">
      <dl>
        <dt>Scenario: Valid Page Launch - Apple *** FAILED ***</dt>
      </dl>
      <div class="detailstoggle">
      <a id="049999f0-c863-4816-a115-a3fad1420e88" href="javascript:toggleDetails('44da9a92-1327-45f8-a854-3fcebeb494a7', '049999f0-c863-4816-a115-a3fad1420e88');">(Show Details)</a>
      </div>
      <div id="44da9a92-1327-45f8-a854-3fcebeb494a7" style="display: none">
        <table>
          <tr valign="top">
              <td align="left"><span class="label">Message:</span></td>
              <td align="left"><span>Element '//div[@class='hatnote navigation-not-searchable']/../p[3]/b[1]' not found.</span></td>
            </tr>
          <tr valign="top"><td align="left"><span class="label">Line:</span></td><td align="left"><span>(ScalaFeatures.scala:33)</span></td></tr>
          <tr valign="top"><td align="right"><span class="label">Exception:</span></td><td align="left">org.scalatest.exceptions.TestFailedException</td></tr>
        </table>
        <table>
          <tr valign="top"><td align="left" colspan="2">
            <div class="gray">org.scalatest.selenium.WebBrowser$Query.element(WebBrowser.scala:2720)</div><div class="gray">org.scalatest.selenium.WebBrowser$Query.element$(WebBrowser.scala:2709)</div><div class="gray">org.scalatest.selenium.WebBrowser$XPathQuery.element(WebBrowser.scala:2837)</div>
            <div>ScalaFeatures.$anonfun$new$2(ScalaFeatures.scala:33)</div><div>scala.runtime.java8.JFunction0$mcV$sp.apply(JFunction0$mcV$sp.scala:18)</div><div>org.scalatest.OutcomeOf.outcomeOf(OutcomeOf.scala:85)</div><div>org.scalatest.OutcomeOf.outcomeOf$(OutcomeOf.scala:83)</div><div>org.scalatest.OutcomeOf$.outcomeOf(OutcomeOf.scala:104)</div><div>org.scalatest.Transformer.apply(Transformer.scala:22)</div><div>org.scalatest.Transformer.apply(Transformer.scala:20)</div><div>org.scalatest.FeatureSpecLike$$anon$1.apply(FeatureSpecLike.scala:233)</div><div>org.scalatest.TestSuite.withFixture(TestSuite.scala:196)</div><div>org.scalatest.TestSuite.withFixture$(TestSuite.scala:195)</div><div>org.scalatest.FeatureSpec.withFixture(FeatureSpec.scala:1825)</div><div>org.scalatest.FeatureSpecLike.invokeWithFixture$1(FeatureSpecLike.scala:231)</div><div>org.scalatest.FeatureSpecLike.$anonfun$runTest$1(FeatureSpecLike.scala:243)</div><div>org.scalatest.SuperEngine.runTestImpl(Engine.scala:286)</div><div>org.scalatest.FeatureSpecLike.runTest(FeatureSpecLike.scala:243)</div><div>org.scalatest.FeatureSpecLike.runTest$(FeatureSpecLike.scala:225)</div><div>org.scalatest.FeatureSpec.runTest(FeatureSpec.scala:1825)</div><div>org.scalatest.FeatureSpecLike.$anonfun$runTests$1(FeatureSpecLike.scala:302)</div><div>org.scalatest.SuperEngine.$anonfun$runTestsInBranch$1(Engine.scala:393)</div><div>scala.collection.immutable.List.foreach(List.scala:312)</div><div>org.scalatest.SuperEngine.traverseSubNodes$1(Engine.scala:381)</div><div>org.scalatest.SuperEngine.runTestsInBranch(Engine.scala:370)</div><div>org.scalatest.SuperEngine.$anonfun$runTestsInBranch$1(Engine.scala:407)</div><div>scala.collection.immutable.List.foreach(List.scala:312)</div><div>org.scalatest.SuperEngine.traverseSubNodes$1(Engine.scala:381)</div><div>org.scalatest.SuperEngine.runTestsInBranch(Engine.scala:376)</div><div>org.scalatest.SuperEngine.runTestsImpl(Engine.scala:458)</div><div>org.scalatest.FeatureSpecLike.runTests(FeatureSpecLike.scala:302)</div><div>org.scalatest.FeatureSpecLike.runTests$(FeatureSpecLike.scala:301)</div><div>org.scalatest.FeatureSpec.runTests(FeatureSpec.scala:1825)</div><div>org.scalatest.Suite.run(Suite.scala:1124)</div><div>org.scalatest.Suite.run$(Suite.scala:1106)</div><div>org.scalatest.FeatureSpec.org$scalatest$FeatureSpecLike$$super$run(FeatureSpec.scala:1825)</div><div>org.scalatest.FeatureSpecLike.$anonfun$run$1(FeatureSpecLike.scala:343)</div><div>org.scalatest.SuperEngine.runImpl(Engine.scala:518)</div><div>org.scalatest.FeatureSpecLike.run(FeatureSpecLike.scala:343)</div><div>org.scalatest.FeatureSpecLike.run$(FeatureSpecLike.scala:342)</div><div>ScalaFeatures.org$scalatest$BeforeAndAfterAll$$super$run(ScalaFeatures.scala:9)</div><div>org.scalatest.BeforeAndAfterAll.liftedTree1$1(BeforeAndAfterAll.scala:213)</div><div>org.scalatest.BeforeAndAfterAll.run(BeforeAndAfterAll.scala:210)</div><div>org.scalatest.BeforeAndAfterAll.run$(BeforeAndAfterAll.scala:208)</div><div>ScalaFeatures.run(ScalaFeatures.scala:9)</div><div>org.scalatest.tools.Framework.org$scalatest$tools$Framework$$runSuite(Framework.scala:317)</div><div>org.scalatest.tools.Framework$ScalaTestTask.execute(Framework.scala:510)</div><div>sbt.TestRunner.runTest$1(TestFramework.scala:113)</div><div>sbt.TestRunner.run(TestFramework.scala:124)</div><div>sbt.TestFramework$$anon$2$$anonfun$$lessinit$greater$1.$anonfun$apply$1(TestFramework.scala:282)</div><div>sbt.TestFramework$.sbt$TestFramework$$withContextLoader(TestFramework.scala:246)</div><div>sbt.TestFramework$$anon$2$$anonfun$$lessinit$greater$1.apply(TestFramework.scala:282)</div><div>sbt.TestFramework$$anon$2$$anonfun$$lessinit$greater$1.apply(TestFramework.scala:282)</div><div>sbt.TestFunction.apply(TestFramework.scala:294)</div><div>sbt.Tests$.$anonfun$toTask$1(Tests.scala:309)</div><div>sbt.std.Transform$$anon$3.$anonfun$apply$2(System.scala:46)</div><div>sbt.std.Transform$$anon$4.work(System.scala:67)</div><div>sbt.Execute.$anonfun$submit$2(Execute.scala:269)</div><div>sbt.internal.util.ErrorHandling$.wideConvert(ErrorHandling.scala:16)</div><div>sbt.Execute.work(Execute.scala:278)</div><div>sbt.Execute.$anonfun$submit$1(Execute.scala:269)</div><div>sbt.ConcurrentRestrictions$$anon$4.$anonfun$submitValid$1(ConcurrentRestrictions.scala:178)</div><div>sbt.CompletionService$$anon$2.call(CompletionService.scala:37)</div><div>java.util.concurrent.FutureTask.run(FutureTask.java:266)</div><div>java.util.concurrent.Executors$RunnableAdapter.call(Executors.java:511)</div><div>java.util.concurrent.FutureTask.run(FutureTask.java:266)</div><div>java.util.concurrent.ThreadPoolExecutor.runWorker(ThreadPoolExecutor.java:1149)</div><div>java.util.concurrent.ThreadPoolExecutor$Worker.run(ThreadPoolExecutor.java:624)</div><div>java.lang.Thread.run(Thread.java:748)</div>
            </td>
          </tr>
        </table>
        <table>
          <tr valign="top">
            <td align="right"><span class="label">Cause:</span></td>
            <td align="left">org.openqa.selenium.NoSuchElementException</td>
          </tr>
          <tr valign="top">
            <td align="right"><span class="label">Message:</span></td>
            <td align="left">
              <span>no&nbsp;such&nbsp;element:&nbsp;Unable&nbsp;to&nbsp;locate&nbsp;element:&nbsp;{"method":"xpath","selector":"//div[@class='hatnote&nbsp;navigation-not-searchable']/../p[3]/b[1]"} <br /></span><span>&nbsp;&nbsp;(Session&nbsp;info:&nbsp;chrome=77.0.3865.19) <br /></span><span>For&nbsp;documentation&nbsp;on&nbsp;this&nbsp;error,&nbsp;please&nbsp;visit:&nbsp;https://www.seleniumhq.org/exceptions/no_such_element.html <br /></span><span>Build&nbsp;info:&nbsp;version:&nbsp;'3.141.59',&nbsp;revision:&nbsp;'e82be7d358',&nbsp;time:&nbsp;'2018-11-14T08:17:03' <br /></span><span>System&nbsp;info:&nbsp;host:&nbsp;'ArunKumars-MacBook-Pro-3.local',&nbsp;ip:&nbsp;'fe80:0:0:0:ed:3855:ac83:e14b%en0',&nbsp;os.name:&nbsp;'Mac&nbsp;OS&nbsp;X',&nbsp;os.arch:&nbsp;'x86_64',&nbsp;os.version:&nbsp;'10.14.5',&nbsp;java.version:&nbsp;'1.8.0_202' <br /></span><span>Driver&nbsp;info:&nbsp;org.openqa.selenium.chrome.ChromeDriver <br /></span><span>Capabilities&nbsp;{acceptInsecureCerts:&nbsp;false,&nbsp;browserName:&nbsp;chrome,&nbsp;browserVersion:&nbsp;77.0.3865.19,&nbsp;chrome:&nbsp;{chromedriverVersion:&nbsp;77.0.3865.10&nbsp;(bc3579f611bbc...,&nbsp;userDataDir:&nbsp;/var/folders/lt/bv5__m7n787...},&nbsp;goog:chromeOptions:&nbsp;{debuggerAddress:&nbsp;localhost:53406},&nbsp;javascriptEnabled:&nbsp;true,&nbsp;networkConnectionEnabled:&nbsp;false,&nbsp;pageLoadStrategy:&nbsp;normal,&nbsp;platform:&nbsp;MAC,&nbsp;platformName:&nbsp;MAC,&nbsp;proxy:&nbsp;Proxy(),&nbsp;setWindowRect:&nbsp;true,&nbsp;strictFileInteractability:&nbsp;false,&nbsp;timeouts:&nbsp;{implicit:&nbsp;0,&nbsp;pageLoad:&nbsp;300000,&nbsp;script:&nbsp;30000},&nbsp;unhandledPromptBehavior:&nbsp;dismiss&nbsp;and&nbsp;notify} <br /></span><span>Session&nbsp;ID:&nbsp;bf90530690d0e1d9036f3eb09757301c <br /></span><span>***&nbsp;Element&nbsp;info:&nbsp;{Using=xpath,&nbsp;value=//div[@class='hatnote&nbsp;navigation-not-searchable']/../p[3]/b[1]} <br /></span>
            </td>
          </tr>
        </table><table>
          <tr valign="top">
            <td align="left" colspan="2"><div>sun.reflect.NativeConstructorAccessorImpl.newInstance0(Native Method)</div><div>sun.reflect.NativeConstructorAccessorImpl.newInstance(NativeConstructorAccessorImpl.java:62)</div><div>sun.reflect.DelegatingConstructorAccessorImpl.newInstance(DelegatingConstructorAccessorImpl.java:45)</div><div>java.lang.reflect.Constructor.newInstance(Constructor.java:423)</div><div>org.openqa.selenium.remote.http.W3CHttpResponseCodec.createException(W3CHttpResponseCodec.java:187)</div><div>org.openqa.selenium.remote.http.W3CHttpResponseCodec.decode(W3CHttpResponseCodec.java:122)</div><div>org.openqa.selenium.remote.http.W3CHttpResponseCodec.decode(W3CHttpResponseCodec.java:49)</div><div>org.openqa.selenium.remote.HttpCommandExecutor.execute(HttpCommandExecutor.java:158)</div><div>org.openqa.selenium.remote.service.DriverCommandExecutor.execute(DriverCommandExecutor.java:83)</div><div>org.openqa.selenium.remote.RemoteWebDriver.execute(RemoteWebDriver.java:552)</div><div>org.openqa.selenium.remote.RemoteWebDriver.findElement(RemoteWebDriver.java:323)</div><div>org.openqa.selenium.remote.RemoteWebDriver.findElementByXPath(RemoteWebDriver.java:428)</div><div>org.openqa.selenium.By$ByXPath.findElement(By.java:353)</div><div>org.openqa.selenium.remote.RemoteWebDriver.findElement(RemoteWebDriver.java:315)</div><div>org.scalatest.selenium.WebBrowser$Query.element(WebBrowser.scala:2711)</div><div>org.scalatest.selenium.WebBrowser$Query.element$(WebBrowser.scala:2709)</div><div>org.scalatest.selenium.WebBrowser$XPathQuery.element(WebBrowser.scala:2837)</div><div>ScalaFeatures.$anonfun$new$2(ScalaFeatures.scala:33)</div><div>scala.runtime.java8.JFunction0$mcV$sp.apply(JFunction0$mcV$sp.scala:18)</div><div>org.scalatest.OutcomeOf.outcomeOf(OutcomeOf.scala:85)</div><div>org.scalatest.OutcomeOf.outcomeOf$(OutcomeOf.scala:83)</div><div>org.scalatest.OutcomeOf$.outcomeOf(OutcomeOf.scala:104)</div><div>org.scalatest.Transformer.apply(Transformer.scala:22)</div><div>org.scalatest.Transformer.apply(Transformer.scala:20)</div><div>org.scalatest.FeatureSpecLike$$anon$1.apply(FeatureSpecLike.scala:233)</div><div>org.scalatest.TestSuite.withFixture(TestSuite.scala:196)</div><div>org.scalatest.TestSuite.withFixture$(TestSuite.scala:195)</div><div>org.scalatest.FeatureSpec.withFixture(FeatureSpec.scala:1825)</div><div>org.scalatest.FeatureSpecLike.invokeWithFixture$1(FeatureSpecLike.scala:231)</div><div>org.scalatest.FeatureSpecLike.$anonfun$runTest$1(FeatureSpecLike.scala:243)</div><div>org.scalatest.SuperEngine.runTestImpl(Engine.scala:286)</div><div>org.scalatest.FeatureSpecLike.runTest(FeatureSpecLike.scala:243)</div><div>org.scalatest.FeatureSpecLike.runTest$(FeatureSpecLike.scala:225)</div><div>org.scalatest.FeatureSpec.runTest(FeatureSpec.scala:1825)</div><div>org.scalatest.FeatureSpecLike.$anonfun$runTests$1(FeatureSpecLike.scala:302)</div><div>org.scalatest.SuperEngine.$anonfun$runTestsInBranch$1(Engine.scala:393)</div><div>scala.collection.immutable.List.foreach(List.scala:312)</div><div>org.scalatest.SuperEngine.traverseSubNodes$1(Engine.scala:381)</div><div>org.scalatest.SuperEngine.runTestsInBranch(Engine.scala:370)</div><div>org.scalatest.SuperEngine.$anonfun$runTestsInBranch$1(Engine.scala:407)</div><div>scala.collection.immutable.List.foreach(List.scala:312)</div><div>org.scalatest.SuperEngine.traverseSubNodes$1(Engine.scala:381)</div><div>org.scalatest.SuperEngine.runTestsInBranch(Engine.scala:376)</div><div>org.scalatest.SuperEngine.runTestsImpl(Engine.scala:458)</div><div>org.scalatest.FeatureSpecLike.runTests(FeatureSpecLike.scala:302)</div><div>org.scalatest.FeatureSpecLike.runTests$(FeatureSpecLike.scala:301)</div><div>org.scalatest.FeatureSpec.runTests(FeatureSpec.scala:1825)</div><div>org.scalatest.Suite.run(Suite.scala:1124)</div><div>org.scalatest.Suite.run$(Suite.scala:1106)</div><div>org.scalatest.FeatureSpec.org$scalatest$FeatureSpecLike$$super$run(FeatureSpec.scala:1825)</div><div>org.scalatest.FeatureSpecLike.$anonfun$run$1(FeatureSpecLike.scala:343)</div><div>org.scalatest.SuperEngine.runImpl(Engine.scala:518)</div><div>org.scalatest.FeatureSpecLike.run(FeatureSpecLike.scala:343)</div><div>org.scalatest.FeatureSpecLike.run$(FeatureSpecLike.scala:342)</div><div>ScalaFeatures.org$scalatest$BeforeAndAfterAll$$super$run(ScalaFeatures.scala:9)</div><div>org.scalatest.BeforeAndAfterAll.liftedTree1$1(BeforeAndAfterAll.scala:213)</div><div>org.scalatest.BeforeAndAfterAll.run(BeforeAndAfterAll.scala:210)</div><div>org.scalatest.BeforeAndAfterAll.run$(BeforeAndAfterAll.scala:208)</div><div>ScalaFeatures.run(ScalaFeatures.scala:9)</div><div>org.scalatest.tools.Framework.org$scalatest$tools$Framework$$runSuite(Framework.scala:317)</div><div>org.scalatest.tools.Framework$ScalaTestTask.execute(Framework.scala:510)</div><div>sbt.TestRunner.runTest$1(TestFramework.scala:113)</div><div>sbt.TestRunner.run(TestFramework.scala:124)</div><div>sbt.TestFramework$$anon$2$$anonfun$$lessinit$greater$1.$anonfun$apply$1(TestFramework.scala:282)</div><div>sbt.TestFramework$.sbt$TestFramework$$withContextLoader(TestFramework.scala:246)</div><div>sbt.TestFramework$$anon$2$$anonfun$$lessinit$greater$1.apply(TestFramework.scala:282)</div><div>sbt.TestFramework$$anon$2$$anonfun$$lessinit$greater$1.apply(TestFramework.scala:282)</div><div>sbt.TestFunction.apply(TestFramework.scala:294)</div><div>sbt.Tests$.$anonfun$toTask$1(Tests.scala:309)</div><div>sbt.std.Transform$$anon$3.$anonfun$apply$2(System.scala:46)</div><div>sbt.std.Transform$$anon$4.work(System.scala:67)</div><div>sbt.Execute.$anonfun$submit$2(Execute.scala:269)</div><div>sbt.internal.util.ErrorHandling$.wideConvert(ErrorHandling.scala:16)</div><div>sbt.Execute.work(Execute.scala:278)</div><div>sbt.Execute.$anonfun$submit$1(Execute.scala:269)</div><div>sbt.ConcurrentRestrictions$$anon$4.$anonfun$submitValid$1(ConcurrentRestrictions.scala:178)</div><div>sbt.CompletionService$$anon$2.call(CompletionService.scala:37)</div><div>java.util.concurrent.FutureTask.run(FutureTask.java:266)</div><div>java.util.concurrent.Executors$RunnableAdapter.call(Executors.java:511)</div><div>java.util.concurrent.FutureTask.run(FutureTask.java:266)</div><div>java.util.concurrent.ThreadPoolExecutor.runWorker(ThreadPoolExecutor.java:1149)</div><div>java.util.concurrent.ThreadPoolExecutor$Worker.run(ThreadPoolExecutor.java:624)</div><div>java.lang.Thread.run(Thread.java:748)</div></td>
          </tr>
        </table>
      </div>
    </div><div id="a07bd279-4f74-461d-96ff-bf669e6ee24e" class="test_failed" style="margin-left: 15px;">
      <dl>
        <dt>Given User is on Wiki Page </dt>
      </dl>
    </div><div id="805d7095-9e77-46a1-857a-cd220fb1e6c9" class="test_failed" style="margin-left: 15px;">
      <dl>
        <dt>When User Checks for the valid Page title </dt>
      </dl>
    </div><div id="4bdaaf3b-3c37-41f3-b280-b8bcf6bbf599" class="test_failed" style="margin-left: 15px;">
      <dl>
        <dt>Then Enters A  Value </dt>
      </dl>
    </div><div id="1707ea72-ddd0-4e72-b5b5-10e525fe64eb" class="test_failed" style="margin-left: 15px;">
      <dl>
        <dt>Then Verify the Search String Heading </dt>
      </dl>
    </div><div id="d4158533-85f9-4690-b853-66c7b1b142d0" class="test_failed" style="margin-left: 0px;">
      <dl>
        <dt>Scenario: Valid Page Launch - Mango *** FAILED ***</dt>
      </dl>
      <div class="detailstoggle">
      <a id="ad3561d1-7d17-4135-9906-855fbe48163a" href="javascript:toggleDetails('1cfb88d3-7262-4c87-a718-b29b73a391e4', 'ad3561d1-7d17-4135-9906-855fbe48163a');">(Show Details)</a>
      </div>
      <div id="1cfb88d3-7262-4c87-a718-b29b73a391e4" style="display: none">
        <table>
          <tr valign="top">
              <td align="left"><span class="label">Message:</span></td>
              <td align="left"><span>Element '//div[@class='hatnote navigation-not-searchable']/../p[3]/b[1]' not found.</span></td>
            </tr>
          <tr valign="top"><td align="left"><span class="label">Line:</span></td><td align="left"><span>(ScalaFeatures.scala:52)</span></td></tr>
          <tr valign="top"><td align="right"><span class="label">Exception:</span></td><td align="left">org.scalatest.exceptions.TestFailedException</td></tr>
        </table>
        <table>
          <tr valign="top"><td align="left" colspan="2">
            <div class="gray">org.scalatest.selenium.WebBrowser$Query.element(WebBrowser.scala:2720)</div><div class="gray">org.scalatest.selenium.WebBrowser$Query.element$(WebBrowser.scala:2709)</div><div class="gray">org.scalatest.selenium.WebBrowser$XPathQuery.element(WebBrowser.scala:2837)</div>
            <div>ScalaFeatures.$anonfun$new$3(ScalaFeatures.scala:52)</div><div>scala.runtime.java8.JFunction0$mcV$sp.apply(JFunction0$mcV$sp.scala:18)</div><div>org.scalatest.OutcomeOf.outcomeOf(OutcomeOf.scala:85)</div><div>org.scalatest.OutcomeOf.outcomeOf$(OutcomeOf.scala:83)</div><div>org.scalatest.OutcomeOf$.outcomeOf(OutcomeOf.scala:104)</div><div>org.scalatest.Transformer.apply(Transformer.scala:22)</div><div>org.scalatest.Transformer.apply(Transformer.scala:20)</div><div>org.scalatest.FeatureSpecLike$$anon$1.apply(FeatureSpecLike.scala:233)</div><div>org.scalatest.TestSuite.withFixture(TestSuite.scala:196)</div><div>org.scalatest.TestSuite.withFixture$(TestSuite.scala:195)</div><div>org.scalatest.FeatureSpec.withFixture(FeatureSpec.scala:1825)</div><div>org.scalatest.FeatureSpecLike.invokeWithFixture$1(FeatureSpecLike.scala:231)</div><div>org.scalatest.FeatureSpecLike.$anonfun$runTest$1(FeatureSpecLike.scala:243)</div><div>org.scalatest.SuperEngine.runTestImpl(Engine.scala:286)</div><div>org.scalatest.FeatureSpecLike.runTest(FeatureSpecLike.scala:243)</div><div>org.scalatest.FeatureSpecLike.runTest$(FeatureSpecLike.scala:225)</div><div>org.scalatest.FeatureSpec.runTest(FeatureSpec.scala:1825)</div><div>org.scalatest.FeatureSpecLike.$anonfun$runTests$1(FeatureSpecLike.scala:302)</div><div>org.scalatest.SuperEngine.$anonfun$runTestsInBranch$1(Engine.scala:393)</div><div>scala.collection.immutable.List.foreach(List.scala:312)</div><div>org.scalatest.SuperEngine.traverseSubNodes$1(Engine.scala:381)</div><div>org.scalatest.SuperEngine.runTestsInBranch(Engine.scala:370)</div><div>org.scalatest.SuperEngine.$anonfun$runTestsInBranch$1(Engine.scala:407)</div><div>scala.collection.immutable.List.foreach(List.scala:312)</div><div>org.scalatest.SuperEngine.traverseSubNodes$1(Engine.scala:381)</div><div>org.scalatest.SuperEngine.runTestsInBranch(Engine.scala:376)</div><div>org.scalatest.SuperEngine.runTestsImpl(Engine.scala:458)</div><div>org.scalatest.FeatureSpecLike.runTests(FeatureSpecLike.scala:302)</div><div>org.scalatest.FeatureSpecLike.runTests$(FeatureSpecLike.scala:301)</div><div>org.scalatest.FeatureSpec.runTests(FeatureSpec.scala:1825)</div><div>org.scalatest.Suite.run(Suite.scala:1124)</div><div>org.scalatest.Suite.run$(Suite.scala:1106)</div><div>org.scalatest.FeatureSpec.org$scalatest$FeatureSpecLike$$super$run(FeatureSpec.scala:1825)</div><div>org.scalatest.FeatureSpecLike.$anonfun$run$1(FeatureSpecLike.scala:343)</div><div>org.scalatest.SuperEngine.runImpl(Engine.scala:518)</div><div>org.scalatest.FeatureSpecLike.run(FeatureSpecLike.scala:343)</div><div>org.scalatest.FeatureSpecLike.run$(FeatureSpecLike.scala:342)</div><div>ScalaFeatures.org$scalatest$BeforeAndAfterAll$$super$run(ScalaFeatures.scala:9)</div><div>org.scalatest.BeforeAndAfterAll.liftedTree1$1(BeforeAndAfterAll.scala:213)</div><div>org.scalatest.BeforeAndAfterAll.run(BeforeAndAfterAll.scala:210)</div><div>org.scalatest.BeforeAndAfterAll.run$(BeforeAndAfterAll.scala:208)</div><div>ScalaFeatures.run(ScalaFeatures.scala:9)</div><div>org.scalatest.tools.Framework.org$scalatest$tools$Framework$$runSuite(Framework.scala:317)</div><div>org.scalatest.tools.Framework$ScalaTestTask.execute(Framework.scala:510)</div><div>sbt.TestRunner.runTest$1(TestFramework.scala:113)</div><div>sbt.TestRunner.run(TestFramework.scala:124)</div><div>sbt.TestFramework$$anon$2$$anonfun$$lessinit$greater$1.$anonfun$apply$1(TestFramework.scala:282)</div><div>sbt.TestFramework$.sbt$TestFramework$$withContextLoader(TestFramework.scala:246)</div><div>sbt.TestFramework$$anon$2$$anonfun$$lessinit$greater$1.apply(TestFramework.scala:282)</div><div>sbt.TestFramework$$anon$2$$anonfun$$lessinit$greater$1.apply(TestFramework.scala:282)</div><div>sbt.TestFunction.apply(TestFramework.scala:294)</div><div>sbt.Tests$.$anonfun$toTask$1(Tests.scala:309)</div><div>sbt.std.Transform$$anon$3.$anonfun$apply$2(System.scala:46)</div><div>sbt.std.Transform$$anon$4.work(System.scala:67)</div><div>sbt.Execute.$anonfun$submit$2(Execute.scala:269)</div><div>sbt.internal.util.ErrorHandling$.wideConvert(ErrorHandling.scala:16)</div><div>sbt.Execute.work(Execute.scala:278)</div><div>sbt.Execute.$anonfun$submit$1(Execute.scala:269)</div><div>sbt.ConcurrentRestrictions$$anon$4.$anonfun$submitValid$1(ConcurrentRestrictions.scala:178)</div><div>sbt.CompletionService$$anon$2.call(CompletionService.scala:37)</div><div>java.util.concurrent.FutureTask.run(FutureTask.java:266)</div><div>java.util.concurrent.Executors$RunnableAdapter.call(Executors.java:511)</div><div>java.util.concurrent.FutureTask.run(FutureTask.java:266)</div><div>java.util.concurrent.ThreadPoolExecutor.runWorker(ThreadPoolExecutor.java:1149)</div><div>java.util.concurrent.ThreadPoolExecutor$Worker.run(ThreadPoolExecutor.java:624)</div><div>java.lang.Thread.run(Thread.java:748)</div>
            </td>
          </tr>
        </table>
        <table>
          <tr valign="top">
            <td align="right"><span class="label">Cause:</span></td>
            <td align="left">org.openqa.selenium.NoSuchElementException</td>
          </tr>
          <tr valign="top">
            <td align="right"><span class="label">Message:</span></td>
            <td align="left">
              <span>no&nbsp;such&nbsp;element:&nbsp;Unable&nbsp;to&nbsp;locate&nbsp;element:&nbsp;{"method":"xpath","selector":"//div[@class='hatnote&nbsp;navigation-not-searchable']/../p[3]/b[1]"} <br /></span><span>&nbsp;&nbsp;(Session&nbsp;info:&nbsp;chrome=77.0.3865.19) <br /></span><span>For&nbsp;documentation&nbsp;on&nbsp;this&nbsp;error,&nbsp;please&nbsp;visit:&nbsp;https://www.seleniumhq.org/exceptions/no_such_element.html <br /></span><span>Build&nbsp;info:&nbsp;version:&nbsp;'3.141.59',&nbsp;revision:&nbsp;'e82be7d358',&nbsp;time:&nbsp;'2018-11-14T08:17:03' <br /></span><span>System&nbsp;info:&nbsp;host:&nbsp;'ArunKumars-MacBook-Pro-3.local',&nbsp;ip:&nbsp;'fe80:0:0:0:ed:3855:ac83:e14b%en0',&nbsp;os.name:&nbsp;'Mac&nbsp;OS&nbsp;X',&nbsp;os.arch:&nbsp;'x86_64',&nbsp;os.version:&nbsp;'10.14.5',&nbsp;java.version:&nbsp;'1.8.0_202' <br /></span><span>Driver&nbsp;info:&nbsp;org.openqa.selenium.chrome.ChromeDriver <br /></span><span>Capabilities&nbsp;{acceptInsecureCerts:&nbsp;false,&nbsp;browserName:&nbsp;chrome,&nbsp;browserVersion:&nbsp;77.0.3865.19,&nbsp;chrome:&nbsp;{chromedriverVersion:&nbsp;77.0.3865.10&nbsp;(bc3579f611bbc...,&nbsp;userDataDir:&nbsp;/var/folders/lt/bv5__m7n787...},&nbsp;goog:chromeOptions:&nbsp;{debuggerAddress:&nbsp;localhost:53406},&nbsp;javascriptEnabled:&nbsp;true,&nbsp;networkConnectionEnabled:&nbsp;false,&nbsp;pageLoadStrategy:&nbsp;normal,&nbsp;platform:&nbsp;MAC,&nbsp;platformName:&nbsp;MAC,&nbsp;proxy:&nbsp;Proxy(),&nbsp;setWindowRect:&nbsp;true,&nbsp;strictFileInteractability:&nbsp;false,&nbsp;timeouts:&nbsp;{implicit:&nbsp;0,&nbsp;pageLoad:&nbsp;300000,&nbsp;script:&nbsp;30000},&nbsp;unhandledPromptBehavior:&nbsp;dismiss&nbsp;and&nbsp;notify} <br /></span><span>Session&nbsp;ID:&nbsp;bf90530690d0e1d9036f3eb09757301c <br /></span><span>***&nbsp;Element&nbsp;info:&nbsp;{Using=xpath,&nbsp;value=//div[@class='hatnote&nbsp;navigation-not-searchable']/../p[3]/b[1]} <br /></span>
            </td>
          </tr>
        </table><table>
          <tr valign="top">
            <td align="left" colspan="2"><div>sun.reflect.NativeConstructorAccessorImpl.newInstance0(Native Method)</div><div>sun.reflect.NativeConstructorAccessorImpl.newInstance(NativeConstructorAccessorImpl.java:62)</div><div>sun.reflect.DelegatingConstructorAccessorImpl.newInstance(DelegatingConstructorAccessorImpl.java:45)</div><div>java.lang.reflect.Constructor.newInstance(Constructor.java:423)</div><div>org.openqa.selenium.remote.http.W3CHttpResponseCodec.createException(W3CHttpResponseCodec.java:187)</div><div>org.openqa.selenium.remote.http.W3CHttpResponseCodec.decode(W3CHttpResponseCodec.java:122)</div><div>org.openqa.selenium.remote.http.W3CHttpResponseCodec.decode(W3CHttpResponseCodec.java:49)</div><div>org.openqa.selenium.remote.HttpCommandExecutor.execute(HttpCommandExecutor.java:158)</div><div>org.openqa.selenium.remote.service.DriverCommandExecutor.execute(DriverCommandExecutor.java:83)</div><div>org.openqa.selenium.remote.RemoteWebDriver.execute(RemoteWebDriver.java:552)</div><div>org.openqa.selenium.remote.RemoteWebDriver.findElement(RemoteWebDriver.java:323)</div><div>org.openqa.selenium.remote.RemoteWebDriver.findElementByXPath(RemoteWebDriver.java:428)</div><div>org.openqa.selenium.By$ByXPath.findElement(By.java:353)</div><div>org.openqa.selenium.remote.RemoteWebDriver.findElement(RemoteWebDriver.java:315)</div><div>org.scalatest.selenium.WebBrowser$Query.element(WebBrowser.scala:2711)</div><div>org.scalatest.selenium.WebBrowser$Query.element$(WebBrowser.scala:2709)</div><div>org.scalatest.selenium.WebBrowser$XPathQuery.element(WebBrowser.scala:2837)</div><div>ScalaFeatures.$anonfun$new$3(ScalaFeatures.scala:52)</div><div>scala.runtime.java8.JFunction0$mcV$sp.apply(JFunction0$mcV$sp.scala:18)</div><div>org.scalatest.OutcomeOf.outcomeOf(OutcomeOf.scala:85)</div><div>org.scalatest.OutcomeOf.outcomeOf$(OutcomeOf.scala:83)</div><div>org.scalatest.OutcomeOf$.outcomeOf(OutcomeOf.scala:104)</div><div>org.scalatest.Transformer.apply(Transformer.scala:22)</div><div>org.scalatest.Transformer.apply(Transformer.scala:20)</div><div>org.scalatest.FeatureSpecLike$$anon$1.apply(FeatureSpecLike.scala:233)</div><div>org.scalatest.TestSuite.withFixture(TestSuite.scala:196)</div><div>org.scalatest.TestSuite.withFixture$(TestSuite.scala:195)</div><div>org.scalatest.FeatureSpec.withFixture(FeatureSpec.scala:1825)</div><div>org.scalatest.FeatureSpecLike.invokeWithFixture$1(FeatureSpecLike.scala:231)</div><div>org.scalatest.FeatureSpecLike.$anonfun$runTest$1(FeatureSpecLike.scala:243)</div><div>org.scalatest.SuperEngine.runTestImpl(Engine.scala:286)</div><div>org.scalatest.FeatureSpecLike.runTest(FeatureSpecLike.scala:243)</div><div>org.scalatest.FeatureSpecLike.runTest$(FeatureSpecLike.scala:225)</div><div>org.scalatest.FeatureSpec.runTest(FeatureSpec.scala:1825)</div><div>org.scalatest.FeatureSpecLike.$anonfun$runTests$1(FeatureSpecLike.scala:302)</div><div>org.scalatest.SuperEngine.$anonfun$runTestsInBranch$1(Engine.scala:393)</div><div>scala.collection.immutable.List.foreach(List.scala:312)</div><div>org.scalatest.SuperEngine.traverseSubNodes$1(Engine.scala:381)</div><div>org.scalatest.SuperEngine.runTestsInBranch(Engine.scala:370)</div><div>org.scalatest.SuperEngine.$anonfun$runTestsInBranch$1(Engine.scala:407)</div><div>scala.collection.immutable.List.foreach(List.scala:312)</div><div>org.scalatest.SuperEngine.traverseSubNodes$1(Engine.scala:381)</div><div>org.scalatest.SuperEngine.runTestsInBranch(Engine.scala:376)</div><div>org.scalatest.SuperEngine.runTestsImpl(Engine.scala:458)</div><div>org.scalatest.FeatureSpecLike.runTests(FeatureSpecLike.scala:302)</div><div>org.scalatest.FeatureSpecLike.runTests$(FeatureSpecLike.scala:301)</div><div>org.scalatest.FeatureSpec.runTests(FeatureSpec.scala:1825)</div><div>org.scalatest.Suite.run(Suite.scala:1124)</div><div>org.scalatest.Suite.run$(Suite.scala:1106)</div><div>org.scalatest.FeatureSpec.org$scalatest$FeatureSpecLike$$super$run(FeatureSpec.scala:1825)</div><div>org.scalatest.FeatureSpecLike.$anonfun$run$1(FeatureSpecLike.scala:343)</div><div>org.scalatest.SuperEngine.runImpl(Engine.scala:518)</div><div>org.scalatest.FeatureSpecLike.run(FeatureSpecLike.scala:343)</div><div>org.scalatest.FeatureSpecLike.run$(FeatureSpecLike.scala:342)</div><div>ScalaFeatures.org$scalatest$BeforeAndAfterAll$$super$run(ScalaFeatures.scala:9)</div><div>org.scalatest.BeforeAndAfterAll.liftedTree1$1(BeforeAndAfterAll.scala:213)</div><div>org.scalatest.BeforeAndAfterAll.run(BeforeAndAfterAll.scala:210)</div><div>org.scalatest.BeforeAndAfterAll.run$(BeforeAndAfterAll.scala:208)</div><div>ScalaFeatures.run(ScalaFeatures.scala:9)</div><div>org.scalatest.tools.Framework.org$scalatest$tools$Framework$$runSuite(Framework.scala:317)</div><div>org.scalatest.tools.Framework$ScalaTestTask.execute(Framework.scala:510)</div><div>sbt.TestRunner.runTest$1(TestFramework.scala:113)</div><div>sbt.TestRunner.run(TestFramework.scala:124)</div><div>sbt.TestFramework$$anon$2$$anonfun$$lessinit$greater$1.$anonfun$apply$1(TestFramework.scala:282)</div><div>sbt.TestFramework$.sbt$TestFramework$$withContextLoader(TestFramework.scala:246)</div><div>sbt.TestFramework$$anon$2$$anonfun$$lessinit$greater$1.apply(TestFramework.scala:282)</div><div>sbt.TestFramework$$anon$2$$anonfun$$lessinit$greater$1.apply(TestFramework.scala:282)</div><div>sbt.TestFunction.apply(TestFramework.scala:294)</div><div>sbt.Tests$.$anonfun$toTask$1(Tests.scala:309)</div><div>sbt.std.Transform$$anon$3.$anonfun$apply$2(System.scala:46)</div><div>sbt.std.Transform$$anon$4.work(System.scala:67)</div><div>sbt.Execute.$anonfun$submit$2(Execute.scala:269)</div><div>sbt.internal.util.ErrorHandling$.wideConvert(ErrorHandling.scala:16)</div><div>sbt.Execute.work(Execute.scala:278)</div><div>sbt.Execute.$anonfun$submit$1(Execute.scala:269)</div><div>sbt.ConcurrentRestrictions$$anon$4.$anonfun$submitValid$1(ConcurrentRestrictions.scala:178)</div><div>sbt.CompletionService$$anon$2.call(CompletionService.scala:37)</div><div>java.util.concurrent.FutureTask.run(FutureTask.java:266)</div><div>java.util.concurrent.Executors$RunnableAdapter.call(Executors.java:511)</div><div>java.util.concurrent.FutureTask.run(FutureTask.java:266)</div><div>java.util.concurrent.ThreadPoolExecutor.runWorker(ThreadPoolExecutor.java:1149)</div><div>java.util.concurrent.ThreadPoolExecutor$Worker.run(ThreadPoolExecutor.java:624)</div><div>java.lang.Thread.run(Thread.java:748)</div></td>
          </tr>
        </table>
      </div>
    </div><div id="09d90991-ac1e-4e13-a87c-84d7bc9208a9" class="test_failed" style="margin-left: 15px;">
      <dl>
        <dt>Given User is on Wiki Page </dt>
      </dl>
    </div><div id="b1e27f4a-0c4e-48f0-a82c-7be70ee936df" class="test_failed" style="margin-left: 15px;">
      <dl>
        <dt>When User Checks for the valid Page title </dt>
      </dl>
    </div><div id="be1527c0-94d7-4dfd-9b5f-0c4f8f592114" class="test_failed" style="margin-left: 15px;">
      <dl>
        <dt>Then Enters A  Value </dt>
      </dl>
    </div><div id="a9f8b85b-efca-4110-94a2-cfc79eeb0078" class="test_failed" style="margin-left: 15px;">
      <dl>
        <dt>Then Verify the Search String Heading </dt>
      </dl>
    </div>
        <table id="suite_footer">
          <tr id="suite_footer_id">
            <td id="suite_footer_id_label_failed">Suite ID</td>
            <td id="suite_footer_id_value" colspan="5">ScalaFeatures</td>
          </tr>
          <tr id="suite_footer_class">
            <td id="suite_footer_class_label_failed">Class name</td>
            <td id="suite_footer_class_value" colspan="5">ScalaFeatures</td>
          </tr>
          <tr id="suite_footer_duration">
            <td id="suite_footer_duration_label_failed">Total duration</td>
            <td id="suite_footer_duration_value" colspan="2">
              1 second, 548 milliseconds
              </td>
          </tr>
        </table>
           <div id="printlink">(<a href="ScalaFeatures.html" target="_blank">Open ScalaFeatures in new tab</a>)</div>
      </body>
      <script type="text/javascript">
        //<![CDATA[
          hideOpenInNewTabIfRequired();
        //]]>
      </script>
    </html>
